office/build/intermediates/manifest_merge_blame_file/debug/processDebugManifest/manifest-merger-blame-debug-report.txt
1<?xml version="1.0" encoding="utf-8"?>
2<manifest xmlns:android="http://schemas.android.com/apk/res/android"
3    xmlns:tools="http://schemas.android.com/tools"
4    package="com.document.allreader.allofficefilereader" >
5
6    <uses-sdk android:minSdkVersion="21" />
7
8    <application
8-->src\main\AndroidManifest.xml:6:5-146:19
9        android:allowBackup="true"
9-->src\main\AndroidManifest.xml:7:9-35
10        android:appComponentFactory="androidx.core.app.CoreComponentFactory"
10-->src\main\AndroidManifest.xml:8:9-77
11        android:hardwareAccelerated="true"
11-->src\main\AndroidManifest.xml:9:9-43
12        android:largeHeap="true"
12-->src\main\AndroidManifest.xml:10:9-33
13        android:requestLegacyExternalStorage="true"
13-->src\main\AndroidManifest.xml:11:9-52
14        android:supportsRtl="true"
14-->src\main\AndroidManifest.xml:12:9-35
15        android:usesCleartextTraffic="true" >
15-->src\main\AndroidManifest.xml:13:9-44
16
17        <!-- <activity -->
18        <!-- android:exported="true" -->
19        <!-- android:name="com.allreader.office.allofficefilereader.activities.ActivitySplash" -->
20        <!-- android:hardwareAccelerated="true"> -->
21        <!-- <intent-filter> -->
22        <!-- <action android:name="android.intent.action.MAIN" /> -->
23        <!-- <category android:name="android.intent.category.LAUNCHER" /> -->
24        <!-- </intent-filter> -->
25        <!-- <intent-filter> -->
26        <!-- <action android:name=".SplashActivity" /> -->
27        <!-- <category android:name="android.intent.category.DEFAULT" /> -->
28        <!-- </intent-filter> -->
29        <!-- </activity> -->
30
31
32        <!-- <activity -->
33        <!-- android:exported="true" -->
34        <!-- android:name="com.allreader.office.allofficefilereader.pdfViewerModule.PdfViewer" -->
35        <!-- android:theme="@style/AppTheme.TitleBar"> -->
36        <!-- <intent-filter> -->
37        <!-- <action android:name="android.intent.action.VIEW" /> -->
38
39
40        <!-- <category android:name="android.intent.category.BROWSABLE" /> -->
41        <!-- <category android:name="android.intent.category.DEFAULT" /> -->
42
43
44        <!-- <data android:scheme="http" /> -->
45        <!-- <data android:scheme="content" /> -->
46        <!-- <data android:scheme="file" /> -->
47        <!-- <data android:mimeType="application/pdf" /> -->
48        <!-- </intent-filter> -->
49        <!-- </activity> -->
50        <!-- <activity -->
51        <!-- android:name="com.allreader.office.allofficefilereader.activities.ActivityFilesHolder" -->
52        <!-- android:hardwareAccelerated="true" /> -->
53        <!-- <activity -->
54        <!-- android:name="com.allreader.office.allofficefilereader.activities.MainActivity" -->
55        <!-- android:hardwareAccelerated="true" /> -->
56
57        <meta-data
57-->src\main\AndroidManifest.xml:54:9-56:36
58            android:name="android.webkit.WebView.MetricsOptOut"
58-->src\main\AndroidManifest.xml:55:13-64
59            android:value="true" />
59-->src\main\AndroidManifest.xml:56:13-33
60        <meta-data
60-->src\main\AndroidManifest.xml:57:9-59:37
61            android:name="android.webkit.WebView.EnableSafeBrowsing"
61-->src\main\AndroidManifest.xml:58:13-69
62            android:value="false" />
62-->src\main\AndroidManifest.xml:59:13-34
63
64        <!-- <provider -->
65        <!-- android:name="androidx.core.content.FileProvider" -->
66        <!-- android:authorities="com.allreader.office.allofficefilereader.provider" -->
67        <!-- android:exported="false" -->
68        <!-- android:grantUriPermissions="true"> -->
69        <!-- <meta-data -->
70        <!-- android:name="android.support.FILE_PROVIDER_PATHS" -->
71        <!-- android:resource="@xml/provider_paths" /> -->
72        <!-- </provider> -->
73
74        <receiver android:name="com.document.allreader.allofficefilereader.utils.Receiver" />
74-->src\main\AndroidManifest.xml:71:9-94
74-->src\main\AndroidManifest.xml:71:19-91
75
76        <activity
76-->src\main\AndroidManifest.xml:73:9-79:45
77            android:name="com.google.android.play.core.missingsplits.PlayCoreMissingSplitsActivity"
77-->src\main\AndroidManifest.xml:74:13-100
78            android:enabled="false"
78-->src\main\AndroidManifest.xml:75:13-36
79            android:exported="false"
79-->src\main\AndroidManifest.xml:76:13-37
80            android:launchMode="singleInstance"
80-->src\main\AndroidManifest.xml:77:13-48
81            android:process=":playcore_missing_splits_activity"
81-->src\main\AndroidManifest.xml:78:13-64
82            android:stateNotNeeded="true" />
82-->src\main\AndroidManifest.xml:79:13-42
83        <activity
83-->src\main\AndroidManifest.xml:80:9-84:65
84            android:name="com.google.android.play.core.common.PlayCoreDialogWrapperActivity"
84-->src\main\AndroidManifest.xml:81:13-93
85            android:exported="false"
85-->src\main\AndroidManifest.xml:82:13-37
86            android:stateNotNeeded="true"
86-->src\main\AndroidManifest.xml:83:13-42
87            android:theme="@style/Theme.PlayCore.Transparent" />
87-->src\main\AndroidManifest.xml:84:13-62
88
89        <service
89-->src\main\AndroidManifest.xml:86:9-93:19
90            android:name="com.google.android.play.core.assetpacks.AssetPackExtractionService"
90-->src\main\AndroidManifest.xml:87:13-94
91            android:enabled="false"
91-->src\main\AndroidManifest.xml:88:13-36
92            android:exported="true" >
92-->src\main\AndroidManifest.xml:89:13-36
93            <meta-data
93-->src\main\AndroidManifest.xml:90:13-92:41
94                android:name="com.google.android.play.core.assetpacks.versionCode"
94-->src\main\AndroidManifest.xml:91:17-83
95                android:value="11002" />
95-->src\main\AndroidManifest.xml:92:17-38
96        </service>
97        <service
97-->src\main\AndroidManifest.xml:94:9-97:40
98            android:name="com.google.android.play.core.assetpacks.ExtractionForegroundService"
98-->src\main\AndroidManifest.xml:95:13-95
99            android:enabled="false"
99-->src\main\AndroidManifest.xml:96:13-36
100            android:exported="false" />
100-->src\main\AndroidManifest.xml:97:13-37
101
102        <!-- pdf_craetor -->
103
104        <activity
104-->src\main\AndroidManifest.xml:102:9-105:59
105            android:name="com.theartofdev.edmodo.cropper.CropImageActivity"
105-->src\main\AndroidManifest.xml:103:13-76
106            android:screenOrientation="portrait"
106-->src\main\AndroidManifest.xml:104:13-49
107            android:theme="@style/Base.Theme.AppCompat" />
107-->src\main\AndroidManifest.xml:105:13-56
108        <!-- <activity android:name=".pdfcreator.activities.ActivityCropImage" /> -->
109
110
111        <!-- <activity -->
112        <!-- android:name=".pdfcreator.activities.ActivityImageEditor" -->
113        <!-- android:screenOrientation="portrait" /> -->
114        <!-- <activity -->
115        <!-- android:name=".pdfcreator.activities.ActivityPreview" -->
116        <!-- android:screenOrientation="portrait" /> -->
117        <!-- <activity -->
118        <!-- android:name=".pdfcreator.activities.ActivityRearrangeImages" -->
119        <!-- android:screenOrientation="portrait" /> -->
120        <!-- <activity -->
121        <!-- android:name=".pdfcreator.activities.ActivityImagesPreview" -->
122        <!-- android:screenOrientation="portrait" /> -->
123        <!-- <activity -->
124        <!-- android:name=".pdfcreator.activities.ActivityRearrangePdfPages" -->
125        <!-- android:screenOrientation="portrait" /> -->
126        <!-- <activity -->
127        <!-- android:name=".pdfcreator.activities.ActivityFavourites" -->
128        <!-- android:screenOrientation="portrait" /> -->
129
130
131        <!-- <activity -->
132        <!-- android:name=".pdfcreator.activities.SecondActivity" -->
133        <!-- android:screenOrientation="portrait" /> -->
134
135    </application>
136
137</manifest>